# JRE version: OpenJDK Runtime Environment (8.0_242-b01) (build 1.8.0_242-release-1644-b01)
# Java VM: OpenJDK 64-Bit Server VM (25.242-b01 mixed mode windows-amd64 compressed oops)
Heap:
 PSYoungGen      total 88064K, used 55140K [0x00000000d5f80000, 0x00000000de400000, 0x0000000100000000)
  eden space 71680K, 76% used [0x00000000d5f80000,0x00000000d95592d0,0x00000000da580000)
  from space 16384K, 0% used [0x00000000db580000,0x00000000db580000,0x00000000dc580000)
  to   space 16384K, 0% used [0x00000000da580000,0x00000000da580000,0x00000000db580000)
 ParOldGen       total 66048K, used 14995K [0x0000000081e00000, 0x0000000085e80000, 0x00000000d5f80000)
  object space 66048K, 22% used [0x0000000081e00000,0x0000000082ca4f30,0x0000000085e80000)
 Metaspace       used 39196K, capacity 39790K, committed 39984K, reserved 1083392K
  class space    used 4939K, capacity 5102K, committed 5168K, reserved 1048576K
GC Heap History (10 events):
Event: 2.792 GC heap before
{Heap before GC invocations=4 (full 1):
 PSYoungGen      total 38400K, used 5092K [0x00000000d5f80000, 0x00000000daa80000, 0x0000000100000000)
  eden space 33280K, 0% used [0x00000000d5f80000,0x00000000d5f80000,0x00000000d8000000)
  from space 5120K, 99% used [0x00000000d8000000,0x00000000d84f9050,0x00000000d8500000)
  to   space 5120K, 0% used [0x00000000da580000,0x00000000da580000,0x00000000daa80000)
 ParOldGen       total 87552K, used 11695K [0x0000000081e00000, 0x0000000087380000, 0x00000000d5f80000)
  object space 87552K, 13% used [0x0000000081e00000,0x000000008296bf10,0x0000000087380000)
 Metaspace       used 20792K, capacity 21192K, committed 21296K, reserved 1069056K
  class space    used 2455K, capacity 2594K, committed 2608K, reserved 1048576K
Event: 2.850 GC heap after
Heap after GC invocations=4 (full 1):
 PSYoungGen      total 38400K, used 0K [0x00000000d5f80000, 0x00000000daa80000, 0x0000000100000000)
  eden space 33280K, 0% used [0x00000000d5f80000,0x00000000d5f80000,0x00000000d8000000)
  from space 5120K, 0% used [0x00000000d8000000,0x00000000d8000000,0x00000000d8500000)
  to   space 5120K, 0% used [0x00000000da580000,0x00000000da580000,0x00000000daa80000)
 ParOldGen       total 66048K, used 9011K [0x0000000081e00000, 0x0000000085e80000, 0x00000000d5f80000)
  object space 66048K, 13% used [0x0000000081e00000,0x00000000826cce20,0x0000000085e80000)
 Metaspace       used 20792K, capacity 21192K, committed 21296K, reserved 1069056K
  class space    used 2455K, capacity 2594K, committed 2608K, reserved 1048576K
}
Event: 3.849 GC heap before
{Heap before GC invocations=5 (full 1):
 PSYoungGen      total 38400K, used 33280K [0x00000000d5f80000, 0x00000000daa80000, 0x0000000100000000)
  eden space 33280K, 100% used [0x00000000d5f80000,0x00000000d8000000,0x00000000d8000000)
  from space 5120K, 0% used [0x00000000d8000000,0x00000000d8000000,0x00000000d8500000)
  to   space 5120K, 0% used [0x00000000da580000,0x00000000da580000,0x00000000daa80000)
 ParOldGen       total 66048K, used 9011K [0x0000000081e00000, 0x0000000085e80000, 0x00000000d5f80000)
  object space 66048K, 13% used [0x0000000081e00000,0x00000000826cce20,0x0000000085e80000)
 Metaspace       used 24532K, capacity 25002K, committed 25136K, reserved 1071104K
  class space    used 2926K, capacity 3089K, committed 3120K, reserved 1048576K
Event: 3.870 GC heap after
Heap after GC invocations=5 (full 1):
 PSYoungGen      total 54272K, used 5102K [0x00000000d5f80000, 0x00000000daa80000, 0x0000000100000000)
  eden space 49152K, 0% used [0x00000000d5f80000,0x00000000d5f80000,0x00000000d8f80000)
  from space 5120K, 99% used [0x00000000da580000,0x00000000daa7bb38,0x00000000daa80000)
  to   space 5120K, 0% used [0x00000000da080000,0x00000000da080000,0x00000000da580000)
 ParOldGen       total 66048K, used 11527K [0x0000000081e00000, 0x0000000085e80000, 0x00000000d5f80000)
  object space 66048K, 17% used [0x0000000081e00000,0x0000000082941df0,0x0000000085e80000)
 Metaspace       used 24532K, capacity 25002K, committed 25136K, reserved 1071104K
  class space    used 2926K, capacity 3089K, committed 3120K, reserved 1048576K
}
Event: 5.688 GC heap before
{Heap before GC invocations=6 (full 1):
 PSYoungGen      total 54272K, used 54254K [0x00000000d5f80000, 0x00000000daa80000, 0x0000000100000000)
  eden space 49152K, 100% used [0x00000000d5f80000,0x00000000d8f80000,0x00000000d8f80000)
  from space 5120K, 99% used [0x00000000da580000,0x00000000daa7bb38,0x00000000daa80000)
  to   space 5120K, 0% used [0x00000000da080000,0x00000000da080000,0x00000000da580000)
 ParOldGen       total 66048K, used 11527K [0x0000000081e00000, 0x0000000085e80000, 0x00000000d5f80000)
  object space 66048K, 17% used [0x0000000081e00000,0x0000000082941df0,0x0000000085e80000)
 Metaspace       used 33664K, capacity 34080K, committed 34480K, reserved 1079296K
  class space    used 4316K, capacity 4443K, committed 4528K, reserved 1048576K
Event: 5.713 GC heap after
Heap after GC invocations=6 (full 1):
 PSYoungGen      total 71680K, used 5099K [0x00000000d5f80000, 0x00000000dc580000, 0x0000000100000000)
  eden space 66560K, 0% used [0x00000000d5f80000,0x00000000d5f80000,0x00000000da080000)
  from space 5120K, 99% used [0x00000000da080000,0x00000000da57add8,0x00000000da580000)
  to   space 16384K, 0% used [0x00000000db580000,0x00000000db580000,0x00000000dc580000)
 ParOldGen       total 66048K, used 23925K [0x0000000081e00000, 0x0000000085e80000, 0x00000000d5f80000)
  object space 66048K, 36% used [0x0000000081e00000,0x000000008355d600,0x0000000085e80000)
 Metaspace       used 33664K, capacity 34080K, committed 34480K, reserved 1079296K
  class space    used 4316K, capacity 4443K, committed 4528K, reserved 1048576K
}
Event: 6.022 GC heap before
{Heap before GC invocations=7 (full 1):
 PSYoungGen      total 71680K, used 10453K [0x00000000d5f80000, 0x00000000dc580000, 0x0000000100000000)
  eden space 66560K, 8% used [0x00000000d5f80000,0x00000000d64ba938,0x00000000da080000)
  from space 5120K, 99% used [0x00000000da080000,0x00000000da57add8,0x00000000da580000)
  to   space 16384K, 0% used [0x00000000db580000,0x00000000db580000,0x00000000dc580000)
 ParOldGen       total 66048K, used 23925K [0x0000000081e00000, 0x0000000085e80000, 0x00000000d5f80000)
  object space 66048K, 36% used [0x0000000081e00000,0x000000008355d600,0x0000000085e80000)
 Metaspace       used 34731K, capacity 35258K, committed 35496K, reserved 1081344K
  class space    used 4423K, capacity 4562K, committed 4656K, reserved 1048576K
Event: 6.038 GC heap after
Heap after GC invocations=7 (full 1):
 PSYoungGen      total 88064K, used 6107K [0x00000000d5f80000, 0x00000000de400000, 0x0000000100000000)
  eden space 71680K, 0% used [0x00000000d5f80000,0x00000000d5f80000,0x00000000da580000)
  from space 16384K, 37% used [0x00000000db580000,0x00000000dbb76f10,0x00000000dc580000)
  to   space 16384K, 0% used [0x00000000da580000,0x00000000da580000,0x00000000db580000)
 ParOldGen       total 66048K, used 23986K [0x0000000081e00000, 0x0000000085e80000, 0x00000000d5f80000)
  object space 66048K, 36% used [0x0000000081e00000,0x000000008356ca60,0x0000000085e80000)
 Metaspace       used 34731K, capacity 35258K, committed 35496K, reserved 1081344K
  class space    used 4423K, capacity 4562K, committed 4656K, reserved 1048576K
}
Event: 6.038 GC heap before
{Heap before GC invocations=8 (full 2):
 PSYoungGen      total 88064K, used 6107K [0x00000000d5f80000, 0x00000000de400000, 0x0000000100000000)
  eden space 71680K, 0% used [0x00000000d5f80000,0x00000000d5f80000,0x00000000da580000)
  from space 16384K, 37% used [0x00000000db580000,0x00000000dbb76f10,0x00000000dc580000)
  to   space 16384K, 0% used [0x00000000da580000,0x00000000da580000,0x00000000db580000)
 ParOldGen       total 66048K, used 23986K [0x0000000081e00000, 0x0000000085e80000, 0x00000000d5f80000)
  object space 66048K, 36% used [0x0000000081e00000,0x000000008356ca60,0x0000000085e80000)
 Metaspace       used 34731K, capacity 35258K, committed 35496K, reserved 1081344K
  class space    used 4423K, capacity 4562K, committed 4656K, reserved 1048576K
Event: 6.169 GC heap after
Heap after GC invocations=8 (full 2):
 PSYoungGen      total 88064K, used 0K [0x00000000d5f80000, 0x00000000de400000, 0x0000000100000000)
  eden space 71680K, 0% used [0x00000000d5f80000,0x00000000d5f80000,0x00000000da580000)
  from space 16384K, 0% used [0x00000000db580000,0x00000000db580000,0x00000000dc580000)
  to   space 16384K, 0% used [0x00000000da580000,0x00000000da580000,0x00000000db580000)
 ParOldGen       total 66048K, used 14995K [0x0000000081e00000, 0x0000000085e80000, 0x00000000d5f80000)
  object space 66048K, 22% used [0x0000000081e00000,0x0000000082ca4f30,0x0000000085e80000)
 Metaspace       used 34731K, capacity 35258K, committed 35496K, reserved 1081344K
  class space    used 4423K, capacity 4562K, committed 4656K, reserved 1048576K
}

