# JRE version: OpenJDK Runtime Environment (8.0_242-b01) (build 1.8.0_242-release-1644-b01)
# Java VM: OpenJDK 64-Bit Server VM (25.242-b01 mixed mode windows-amd64 compressed oops)
Heap:
 PSYoungGen      total 292352K, used 248261K [0x00000000e0000000, 0x00000000f5e00000, 0x0000000100000000)
  eden space 245760K, 89% used [0x00000000e0000000,0x00000000ed64ff60,0x00000000ef000000)
  from space 46592K, 61% used [0x00000000ef000000,0x00000000f0c21700,0x00000000f1d80000)
  to   space 47616K, 0% used [0x00000000f2f80000,0x00000000f2f80000,0x00000000f5e00000)
 ParOldGen       total 199168K, used 77920K [0x00000000a0000000, 0x00000000ac280000, 0x00000000e0000000)
  object space 199168K, 39% used [0x00000000a0000000,0x00000000a4c18268,0x00000000ac280000)
 Metaspace       used 109165K, capacity 114858K, committed 115096K, reserved 1148928K
  class space    used 14381K, capacity 15424K, committed 15536K, reserved 1048576K
GC Heap History (10 events):
Event: 3504.441 GC heap before
{Heap before GC invocations=21 (full 3):
 PSYoungGen      total 247808K, used 42225K [0x00000000e0000000, 0x00000000f2300000, 0x0000000100000000)
  eden space 235520K, 12% used [0x00000000e0000000,0x00000000e1da0418,0x00000000ee600000)
  from space 12288K, 96% used [0x00000000eee80000,0x00000000efa1c050,0x00000000efa80000)
  to   space 31232K, 0% used [0x00000000f0480000,0x00000000f0480000,0x00000000f2300000)
 ParOldGen       total 129536K, used 70567K [0x00000000a0000000, 0x00000000a7e80000, 0x00000000e0000000)
  object space 129536K, 54% used [0x00000000a0000000,0x00000000a44e9f70,0x00000000a7e80000)
 Metaspace       used 93763K, capacity 98496K, committed 98584K, reserved 1134592K
  class space    used 12365K, capacity 13286K, committed 13360K, reserved 1048576K
Event: 3504.471 GC heap after
Heap after GC invocations=21 (full 3):
 PSYoungGen      total 247296K, used 12624K [0x00000000e0000000, 0x00000000f1800000, 0x0000000100000000)
  eden space 227328K, 0% used [0x00000000e0000000,0x00000000e0000000,0x00000000ede00000)
  from space 19968K, 63% used [0x00000000f0480000,0x00000000f10d4070,0x00000000f1800000)
  to   space 29696K, 0% used [0x00000000ede00000,0x00000000ede00000,0x00000000efb00000)
 ParOldGen       total 129536K, used 70575K [0x00000000a0000000, 0x00000000a7e80000, 0x00000000e0000000)
  object space 129536K, 54% used [0x00000000a0000000,0x00000000a44ebf70,0x00000000a7e80000)
 Metaspace       used 93763K, capacity 98496K, committed 98584K, reserved 1134592K
  class space    used 12365K, capacity 13286K, committed 13360K, reserved 1048576K
}
Event: 3504.472 GC heap before
{Heap before GC invocations=22 (full 4):
 PSYoungGen      total 247296K, used 12624K [0x00000000e0000000, 0x00000000f1800000, 0x0000000100000000)
  eden space 227328K, 0% used [0x00000000e0000000,0x00000000e0000000,0x00000000ede00000)
  from space 19968K, 63% used [0x00000000f0480000,0x00000000f10d4070,0x00000000f1800000)
  to   space 29696K, 0% used [0x00000000ede00000,0x00000000ede00000,0x00000000efb00000)
 ParOldGen       total 129536K, used 70575K [0x00000000a0000000, 0x00000000a7e80000, 0x00000000e0000000)
  object space 129536K, 54% used [0x00000000a0000000,0x00000000a44ebf70,0x00000000a7e80000)
 Metaspace       used 93763K, capacity 98496K, committed 98584K, reserved 1134592K
  class space    used 12365K, capacity 13286K, committed 13360K, reserved 1048576K
Event: 3505.377 GC heap after
Heap after GC invocations=22 (full 4):
 PSYoungGen      total 247296K, used 0K [0x00000000e0000000, 0x00000000f1800000, 0x0000000100000000)
  eden space 227328K, 0% used [0x00000000e0000000,0x00000000e0000000,0x00000000ede00000)
  from space 19968K, 0% used [0x00000000f0480000,0x00000000f0480000,0x00000000f1800000)
  to   space 29696K, 0% used [0x00000000ede00000,0x00000000ede00000,0x00000000efb00000)
 ParOldGen       total 199168K, used 52606K [0x00000000a0000000, 0x00000000ac280000, 0x00000000e0000000)
  object space 199168K, 26% used [0x00000000a0000000,0x00000000a335f970,0x00000000ac280000)
 Metaspace       used 92952K, capacity 96960K, committed 98584K, reserved 1134592K
  class space    used 12203K, capacity 12973K, committed 13360K, reserved 1048576K
}
Event: 3512.475 GC heap before
{Heap before GC invocations=23 (full 4):
 PSYoungGen      total 247296K, used 227328K [0x00000000e0000000, 0x00000000f1800000, 0x0000000100000000)
  eden space 227328K, 100% used [0x00000000e0000000,0x00000000ede00000,0x00000000ede00000)
  from space 19968K, 0% used [0x00000000f0480000,0x00000000f0480000,0x00000000f1800000)
  to   space 29696K, 0% used [0x00000000ede00000,0x00000000ede00000,0x00000000efb00000)
 ParOldGen       total 199168K, used 52606K [0x00000000a0000000, 0x00000000ac280000, 0x00000000e0000000)
  object space 199168K, 26% used [0x00000000a0000000,0x00000000a335f970,0x00000000ac280000)
 Metaspace       used 106620K, capacity 111738K, committed 111896K, reserved 1146880K
  class space    used 14086K, capacity 15006K, committed 15152K, reserved 1048576K
Event: 3512.611 GC heap after
Heap after GC invocations=23 (full 4):
 PSYoungGen      total 257024K, used 29678K [0x00000000e0000000, 0x00000000f4900000, 0x0000000100000000)
  eden space 227328K, 0% used [0x00000000e0000000,0x00000000e0000000,0x00000000ede00000)
  from space 29696K, 99% used [0x00000000ede00000,0x00000000efafb808,0x00000000efb00000)
  to   space 43520K, 0% used [0x00000000f1e80000,0x00000000f1e80000,0x00000000f4900000)
 ParOldGen       total 199168K, used 77896K [0x00000000a0000000, 0x00000000ac280000, 0x00000000e0000000)
  object space 199168K, 39% used [0x00000000a0000000,0x00000000a4c12268,0x00000000ac280000)
 Metaspace       used 106620K, capacity 111738K, committed 111896K, reserved 1146880K
  class space    used 14086K, capacity 15006K, committed 15152K, reserved 1048576K
}
Event: 3782.595 GC heap before
{Heap before GC invocations=24 (full 4):
 PSYoungGen      total 257024K, used 257006K [0x00000000e0000000, 0x00000000f4900000, 0x0000000100000000)
  eden space 227328K, 100% used [0x00000000e0000000,0x00000000ede00000,0x00000000ede00000)
  from space 29696K, 99% used [0x00000000ede00000,0x00000000efafb808,0x00000000efb00000)
  to   space 43520K, 0% used [0x00000000f1e80000,0x00000000f1e80000,0x00000000f4900000)
 ParOldGen       total 199168K, used 77896K [0x00000000a0000000, 0x00000000ac280000, 0x00000000e0000000)
  object space 199168K, 39% used [0x00000000a0000000,0x00000000a4c12268,0x00000000ac280000)
 Metaspace       used 108516K, capacity 113950K, committed 114200K, reserved 1148928K
  class space    used 14339K, capacity 15352K, committed 15408K, reserved 1048576K
Event: 3782.676 GC heap after
Heap after GC invocations=24 (full 4):
 PSYoungGen      total 289280K, used 33470K [0x00000000e0000000, 0x00000000f4b00000, 0x0000000100000000)
  eden space 245760K, 0% used [0x00000000e0000000,0x00000000e0000000,0x00000000ef000000)
  from space 43520K, 76% used [0x00000000f1e80000,0x00000000f3f2fb00,0x00000000f4900000)
  to   space 46592K, 0% used [0x00000000ef000000,0x00000000ef000000,0x00000000f1d80000)
 ParOldGen       total 199168K, used 77896K [0x00000000a0000000, 0x00000000ac280000, 0x00000000e0000000)
  object space 199168K, 39% used [0x00000000a0000000,0x00000000a4c12268,0x00000000ac280000)
 Metaspace       used 108516K, capacity 113950K, committed 114200K, reserved 1148928K
  class space    used 14339K, capacity 15352K, committed 15408K, reserved 1048576K
}
Event: 4140.965 GC heap before
{Heap before GC invocations=25 (full 4):
 PSYoungGen      total 289280K, used 279230K [0x00000000e0000000, 0x00000000f4b00000, 0x0000000100000000)
  eden space 245760K, 100% used [0x00000000e0000000,0x00000000ef000000,0x00000000ef000000)
  from space 43520K, 76% used [0x00000000f1e80000,0x00000000f3f2fb00,0x00000000f4900000)
  to   space 46592K, 0% used [0x00000000ef000000,0x00000000ef000000,0x00000000f1d80000)
 ParOldGen       total 199168K, used 77896K [0x00000000a0000000, 0x00000000ac280000, 0x00000000e0000000)
  object space 199168K, 39% used [0x00000000a0000000,0x00000000a4c12268,0x00000000ac280000)
 Metaspace       used 109042K, capacity 114776K, committed 115096K, reserved 1148928K
  class space    used 14378K, capacity 15421K, committed 15536K, reserved 1048576K
Event: 4141.898 GC heap after
Heap after GC invocations=25 (full 4):
 PSYoungGen      total 292352K, used 28805K [0x00000000e0000000, 0x00000000f5e00000, 0x0000000100000000)
  eden space 245760K, 0% used [0x00000000e0000000,0x00000000e0000000,0x00000000ef000000)
  from space 46592K, 61% used [0x00000000ef000000,0x00000000f0c21700,0x00000000f1d80000)
  to   space 47616K, 0% used [0x00000000f2f80000,0x00000000f2f80000,0x00000000f5e00000)
 ParOldGen       total 199168K, used 77920K [0x00000000a0000000, 0x00000000ac280000, 0x00000000e0000000)
  object space 199168K, 39% used [0x00000000a0000000,0x00000000a4c18268,0x00000000ac280000)
 Metaspace       used 109042K, capacity 114776K, committed 115096K, reserved 1148928K
  class space    used 14378K, capacity 15421K, committed 15536K, reserved 1048576K
}

